Current working directory: /home/jepa/projects/def-wailung/jepa/mpa_cc_toe/scripts/run_dbem
Starting run at: Wed 10 Jul 2024 06:54:30 PM PDT
here() starts at /project/6006523/jepa/mpa_cc_toe
── Attaching core tidyverse packages ──────────────────────── tidyverse 2.0.0 ──
✔ dplyr     1.1.4     ✔ readr     2.1.5
✔ forcats   1.0.0     ✔ stringr   1.5.1
✔ ggplot2   3.5.1     ✔ tibble    3.2.1
✔ lubridate 1.9.3     ✔ tidyr     1.3.1
✔ purrr     1.0.2     
── Conflicts ────────────────────────────────────────── tidyverse_conflicts() ──
✖ dplyr::filter() masks stats::filter()
✖ dplyr::lag()    masks stats::lag()
ℹ Use the conflicted package (<http://conflicted.r-lib.org/>) to force all conflicts to become errors
[1] "c6gfdl26f1mpanow"
[1] "600004"
[1] "Abd"
[1] "c6gfdl26f1mpanow"
[1] "600005"
[1] "Abd"
[1] "c6gfdl26f1mpanow"
[1] "600006"
[1] "Abd"
[1] "c6gfdl26f1mpanow"
[1] "600015"
[1] "Abd"
[1] "c6gfdl26f1mpanow"
[1] "600017"
[1] "Abd"
[1] "c6gfdl26f1mpanow"
[1] "600018"
[1] "Abd"
[1] "c6gfdl26f1mpanow"
[1] "600020"
[1] "Abd"
[1] "c6gfdl26f1mpanow"
[1] "600024"
[1] "Abd"
[1] "c6gfdl26f1mpanow"
[1] "600026"
[1] "Abd"
[1] "c6gfdl26f1mpanow"
[1] "600027"
[1] "Abd"
[1] "c6gfdl26f1mpanow"
[1] "600028"
[1] "Abd"
[1] "c6gfdl26f1mpanow"
[1] "600029"
[1] "Abd"
[1] "c6gfdl26f1mpanow"
[1] "600030"
[1] "Abd"
[1] "c6gfdl26f1mpanow"
[1] "600031"
[1] "Abd"
[1] "c6gfdl26f1mpanow"
[1] "600032"
[1] "Abd"
[1] "c6gfdl26f1mpanow"
[1] "600033"
[1] "Abd"
[1] "c6gfdl26f1mpanow"
[1] "600034"
[1] "Abd"
[1] "c6gfdl26f1mpanow"
[1] "600045"
[1] "Abd"
[1] "c6gfdl26f1mpanow"
[1] "600047"
[1] "Abd"
[1] "c6gfdl26f1mpanow"
[1] "600051"
[1] "Abd"
[1] "c6gfdl26f1mpanow"
[1] "600054"
[1] "Abd"
[1] "c6gfdl26f1mpanow"
[1] "600056"
[1] "Abd"
[1] "c6gfdl26f1mpanow"
[1] "600059"
[1] "Abd"
[1] "c6gfdl26f1mpanow"
[1] "600061"
[1] "Abd"
[1] "c6gfdl26f1mpanow"
[1] "600062"
[1] "Abd"
[1] "c6gfdl26f1mpanow"
[1] "600063"
[1] "Abd"
[1] "c6gfdl26f1mpanow"
[1] "600066"
[1] "Abd"
[1] "c6gfdl26f1mpanow"
[1] "600068"
[1] "Abd"
[1] "c6gfdl26f1mpanow"
[1] "600069"
[1] "Abd"
[1] "c6gfdl26f1mpanow"
[1] "600071"
[1] "Abd"
[1] "c6gfdl26f1mpanow"
[1] "600072"
[1] "Abd"
[1] "c6gfdl26f1mpanow"
[1] "600076"
[1] "Abd"
[1] "c6gfdl26f1mpanow"
[1] "600077"
[1] "Abd"
[1] "c6gfdl26f1mpanow"
[1] "600078"
[1] "Abd"
[1] "c6gfdl26f1mpanow"
[1] "600083"
[1] "Abd"
[1] "c6gfdl26f1mpanow"
[1] "600088"
[1] "Abd"
[1] "c6gfdl26f1mpanow"
[1] "600089"
[1] "Abd"
[1] "c6gfdl26f1mpanow"
[1] "600090"
[1] "Abd"
[1] "c6gfdl26f1mpanow"
[1] "600093"
[1] "Abd"
[1] "c6gfdl26f1mpanow"
[1] "600094"
[1] "Abd"
[1] "c6gfdl26f1mpanow"
[1] "600096"
[1] "Abd"
[1] "c6gfdl26f1mpanow"
[1] "600097"
[1] "Abd"
[1] "c6gfdl26f1mpanow"
[1] "600098"
[1] "Abd"
[1] "c6gfdl26f1mpanow"
[1] "600101"
[1] "Abd"
[1] "c6gfdl26f1mpanow"
[1] "600105"
[1] "Abd"
[1] "c6gfdl26f1mpanow"
[1] "600106"
[1] "Abd"
[1] "c6gfdl26f1mpanow"
[1] "600107"
[1] "Abd"
[1] "c6gfdl26f1mpanow"
[1] "600108"
[1] "Abd"
[1] "c6gfdl26f1mpanow"
[1] "600109"
[1] "Abd"
[1] "c6gfdl26f1mpanow"
[1] "600111"
[1] "Abd"
[1] "c6gfdl26f1mpanow"
[1] "600113"
[1] "Abd"
[1] "c6gfdl26f1mpanow"
[1] "600114"
[1] "Abd"
[1] "c6gfdl26f1mpanow"
[1] "600115"
[1] "Abd"
[1] "c6gfdl26f1mpanow"
[1] "600116"
[1] "Abd"
[1] "c6gfdl26f1mpanow"
[1] "600117"
[1] "Abd"
[1] "c6gfdl26f1mpanow"
[1] "600118"
[1] "Abd"
[1] "c6gfdl26f1mpanow"
[1] "600119"
[1] "Abd"
[1] "c6gfdl26f1mpanow"
[1] "600120"
[1] "Abd"
[1] "c6gfdl26f1mpanow"
[1] "600121"
[1] "Abd"
[1] "c6gfdl26f1mpanow"
[1] "600123"
[1] "Abd"
[1] "c6gfdl26f1mpanow"
[1] "600125"
[1] "Abd"
[1] "c6gfdl26f1mpanow"
[1] "600126"
[1] "Abd"
Error reading file for year 1852 :  no lines available in input 
File not found for year 2079 
File not found for year 2080 
File not found for year 2081 
File not found for year 2082 
File not found for year 2083 
File not found for year 2084 
File not found for year 2085 
File not found for year 2086 
File not found for year 2087 
File not found for year 2088 
File not found for year 2089 
File not found for year 2090 
File not found for year 2091 
File not found for year 2092 
File not found for year 2093 
File not found for year 2094 
File not found for year 2095 
File not found for year 2096 
File not found for year 2097 
File not found for year 2098 
File not found for year 2099 
File not found for year 2100 
[1] "c6gfdl26f1mpanow"
[1] "600131"
[1] "Abd"
Error reading file for year 1852 :  no lines available in input 
File not found for year 2079 
File not found for year 2080 
File not found for year 2081 
File not found for year 2082 
File not found for year 2083 
File not found for year 2084 
File not found for year 2085 
File not found for year 2086 
File not found for year 2087 
File not found for year 2088 
File not found for year 2089 
File not found for year 2090 
File not found for year 2091 
File not found for year 2092 
File not found for year 2093 
File not found for year 2094 
File not found for year 2095 
File not found for year 2096 
File not found for year 2097 
File not found for year 2098 
File not found for year 2099 
File not found for year 2100 
[1] "c6gfdl26f1mpanow"
[1] "600134"
[1] "Abd"
File not found for year 2079 
File not found for year 2080 
File not found for year 2081 
File not found for year 2082 
File not found for year 2083 
File not found for year 2084 
File not found for year 2085 
File not found for year 2086 
File not found for year 2087 
File not found for year 2088 
File not found for year 2089 
File not found for year 2090 
File not found for year 2091 
File not found for year 2092 
File not found for year 2093 
File not found for year 2094 
File not found for year 2095 
File not found for year 2096 
File not found for year 2097 
File not found for year 2098 
File not found for year 2099 
File not found for year 2100 
[1] "c6gfdl26f1mpanow"
[1] "600136"
[1] "Abd"
Error reading file for year 1852 :  no lines available in input 
File not found for year 2079 
File not found for year 2080 
File not found for year 2081 
File not found for year 2082 
File not found for year 2083 
File not found for year 2084 
File not found for year 2085 
File not found for year 2086 
File not found for year 2087 
File not found for year 2088 
File not found for year 2089 
File not found for year 2090 
File not found for year 2091 
File not found for year 2092 
File not found for year 2093 
File not found for year 2094 
File not found for year 2095 
File not found for year 2096 
File not found for year 2097 
File not found for year 2098 
File not found for year 2099 
File not found for year 2100 
[1] "c6gfdl26f1mpanow"
[1] "600139"
[1] "Abd"
Error reading file for year 1852 :  no lines available in input 
File not found for year 2079 
File not found for year 2080 
File not found for year 2081 
File not found for year 2082 
File not found for year 2083 
File not found for year 2084 
File not found for year 2085 
File not found for year 2086 
File not found for year 2087 
File not found for year 2088 
File not found for year 2089 
File not found for year 2090 
File not found for year 2091 
File not found for year 2092 
File not found for year 2093 
File not found for year 2094 
File not found for year 2095 
File not found for year 2096 
File not found for year 2097 
File not found for year 2098 
File not found for year 2099 
File not found for year 2100 
[1] "c6gfdl26f1mpanow"
[1] "600140"
[1] "Abd"
Error reading file for year 1852 :  no lines available in input 
File not found for year 2079 
File not found for year 2080 
File not found for year 2081 
File not found for year 2082 
File not found for year 2083 
File not found for year 2084 
File not found for year 2085 
File not found for year 2086 
File not found for year 2087 
File not found for year 2088 
File not found for year 2089 
File not found for year 2090 
File not found for year 2091 
File not found for year 2092 
File not found for year 2093 
File not found for year 2094 
File not found for year 2095 
File not found for year 2096 
File not found for year 2097 
File not found for year 2098 
File not found for year 2099 
File not found for year 2100 
[1] "c6gfdl26f1mpanow"
[1] "600141"
[1] "Abd"
Error reading file for year 1852 :  no lines available in input 
File not found for year 2079 
File not found for year 2080 
File not found for year 2081 
File not found for year 2082 
File not found for year 2083 
File not found for year 2084 
File not found for year 2085 
File not found for year 2086 
File not found for year 2087 
File not found for year 2088 
File not found for year 2089 
File not found for year 2090 
File not found for year 2091 
File not found for year 2092 
File not found for year 2093 
File not found for year 2094 
File not found for year 2095 
File not found for year 2096 
File not found for year 2097 
File not found for year 2098 
File not found for year 2099 
File not found for year 2100 
[1] "c6gfdl26f1mpanow"
[1] "600142"
[1] "Abd"
Error reading file for year 1852 :  no lines available in input 
File not found for year 2079 
File not found for year 2080 
File not found for year 2081 
File not found for year 2082 
File not found for year 2083 
File not found for year 2084 
File not found for year 2085 
File not found for year 2086 
File not found for year 2087 
File not found for year 2088 
File not found for year 2089 
File not found for year 2090 
File not found for year 2091 
File not found for year 2092 
File not found for year 2093 
File not found for year 2094 
File not found for year 2095 
File not found for year 2096 
File not found for year 2097 
File not found for year 2098 
File not found for year 2099 
File not found for year 2100 
[1] "c6gfdl26f1mpanow"
[1] "600143"
[1] "Abd"
Error reading file for year 1852 :  no lines available in input 
File not found for year 2079 
File not found for year 2080 
File not found for year 2081 
File not found for year 2082 
File not found for year 2083 
File not found for year 2084 
File not found for year 2085 
File not found for year 2086 
File not found for year 2087 
File not found for year 2088 
File not found for year 2089 
File not found for year 2090 
File not found for year 2091 
File not found for year 2092 
File not found for year 2093 
File not found for year 2094 
File not found for year 2095 
File not found for year 2096 
File not found for year 2097 
File not found for year 2098 
File not found for year 2099 
File not found for year 2100 
[1] "c6gfdl26f1mpanow"
[1] "600144"
[1] "Abd"
Error reading file for year 1852 :  no lines available in input 
File not found for year 2079 
File not found for year 2080 
File not found for year 2081 
File not found for year 2082 
File not found for year 2083 
File not found for year 2084 
File not found for year 2085 
File not found for year 2086 
File not found for year 2087 
File not found for year 2088 
File not found for year 2089 
File not found for year 2090 
File not found for year 2091 
File not found for year 2092 
File not found for year 2093 
File not found for year 2094 
File not found for year 2095 
File not found for year 2096 
File not found for year 2097 
File not found for year 2098 
File not found for year 2099 
File not found for year 2100 
[1] "c6gfdl26f1mpanow"
[1] "600145"
[1] "Abd"
Error reading file for year 1852 :  no lines available in input 
File not found for year 2079 
File not found for year 2080 
File not found for year 2081 
File not found for year 2082 
File not found for year 2083 
File not found for year 2084 
File not found for year 2085 
File not found for year 2086 
File not found for year 2087 
File not found for year 2088 
File not found for year 2089 
File not found for year 2090 
File not found for year 2091 
File not found for year 2092 
File not found for year 2093 
File not found for year 2094 
File not found for year 2095 
File not found for year 2096 
File not found for year 2097 
File not found for year 2098 
File not found for year 2099 
File not found for year 2100 
[1] "c6gfdl26f1mpanow"
[1] "600146"
[1] "Abd"
File not found for year 2079 
File not found for year 2080 
File not found for year 2081 
File not found for year 2082 
File not found for year 2083 
File not found for year 2084 
File not found for year 2085 
File not found for year 2086 
File not found for year 2087 
File not found for year 2088 
File not found for year 2089 
File not found for year 2090 
File not found for year 2091 
File not found for year 2092 
File not found for year 2093 
File not found for year 2094 
File not found for year 2095 
File not found for year 2096 
File not found for year 2097 
File not found for year 2098 
File not found for year 2099 
File not found for year 2100 
[1] "c6gfdl26f1mpanow"
[1] "600147"
[1] "Abd"
Error reading file for year 1852 :  no lines available in input 
File not found for year 2078 
File not found for year 2079 
File not found for year 2080 
File not found for year 2081 
File not found for year 2082 
File not found for year 2083 
File not found for year 2084 
File not found for year 2085 
File not found for year 2086 
File not found for year 2087 
File not found for year 2088 
File not found for year 2089 
File not found for year 2090 
File not found for year 2091 
File not found for year 2092 
File not found for year 2093 
File not found for year 2094 
File not found for year 2095 
File not found for year 2096 
File not found for year 2097 
File not found for year 2098 
File not found for year 2099 
File not found for year 2100 
[1] "c6gfdl26f1mpanow"
[1] "600148"
[1] "Abd"
Error reading file for year 1852 :  no lines available in input 
File not found for year 2078 
File not found for year 2079 
File not found for year 2080 
File not found for year 2081 
File not found for year 2082 
File not found for year 2083 
File not found for year 2084 
File not found for year 2085 
File not found for year 2086 
File not found for year 2087 
File not found for year 2088 
File not found for year 2089 
File not found for year 2090 
File not found for year 2091 
File not found for year 2092 
File not found for year 2093 
File not found for year 2094 
File not found for year 2095 
File not found for year 2096 
File not found for year 2097 
File not found for year 2098 
File not found for year 2099 
File not found for year 2100 
[1] "c6gfdl26f1mpanow"
[1] "600149"
[1] "Abd"
Error reading file for year 1852 :  no lines available in input 
File not found for year 2078 
File not found for year 2079 
File not found for year 2080 
File not found for year 2081 
File not found for year 2082 
File not found for year 2083 
File not found for year 2084 
File not found for year 2085 
File not found for year 2086 
File not found for year 2087 
File not found for year 2088 
File not found for year 2089 
File not found for year 2090 
File not found for year 2091 
File not found for year 2092 
File not found for year 2093 
File not found for year 2094 
File not found for year 2095 
File not found for year 2096 
File not found for year 2097 
File not found for year 2098 
File not found for year 2099 
File not found for year 2100 
[1] "c6gfdl26f1mpanow"
[1] "600156"
[1] "Abd"
Error reading file for year 1852 :  no lines available in input 
File not found for year 2078 
File not found for year 2079 
File not found for year 2080 
File not found for year 2081 
File not found for year 2082 
File not found for year 2083 
File not found for year 2084 
File not found for year 2085 
File not found for year 2086 
File not found for year 2087 
File not found for year 2088 
File not found for year 2089 
File not found for year 2090 
File not found for year 2091 
File not found for year 2092 
File not found for year 2093 
File not found for year 2094 
File not found for year 2095 
File not found for year 2096 
File not found for year 2097 
File not found for year 2098 
File not found for year 2099 
File not found for year 2100 
[1] "c6gfdl26f1mpanow"
[1] "600162"
[1] "Abd"
Error reading file for year 1852 :  no lines available in input 
File not found for year 2078 
File not found for year 2079 
File not found for year 2080 
File not found for year 2081 
File not found for year 2082 
File not found for year 2083 
File not found for year 2084 
File not found for year 2085 
File not found for year 2086 
File not found for year 2087 
File not found for year 2088 
File not found for year 2089 
File not found for year 2090 
File not found for year 2091 
File not found for year 2092 
File not found for year 2093 
File not found for year 2094 
File not found for year 2095 
File not found for year 2096 
File not found for year 2097 
File not found for year 2098 
File not found for year 2099 
File not found for year 2100 
[1] "c6gfdl26f1mpanow"
[1] "600167"
[1] "Abd"
File not found for year 2078 
File not found for year 2079 
File not found for year 2080 
File not found for year 2081 
File not found for year 2082 
File not found for year 2083 
File not found for year 2084 
File not found for year 2085 
File not found for year 2086 
File not found for year 2087 
File not found for year 2088 
File not found for year 2089 
File not found for year 2090 
File not found for year 2091 
File not found for year 2092 
File not found for year 2093 
File not found for year 2094 
File not found for year 2095 
File not found for year 2096 
File not found for year 2097 
File not found for year 2098 
File not found for year 2099 
File not found for year 2100 
[1] "c6gfdl26f1mpanow"
[1] "600171"
[1] "Abd"
Error reading file for year 1852 :  no lines available in input 
File not found for year 2078 
File not found for year 2079 
File not found for year 2080 
File not found for year 2081 
File not found for year 2082 
File not found for year 2083 
File not found for year 2084 
File not found for year 2085 
File not found for year 2086 
File not found for year 2087 
File not found for year 2088 
File not found for year 2089 
File not found for year 2090 
File not found for year 2091 
File not found for year 2092 
File not found for year 2093 
File not found for year 2094 
File not found for year 2095 
File not found for year 2096 
File not found for year 2097 
File not found for year 2098 
File not found for year 2099 
File not found for year 2100 
[1] "c6gfdl26f1mpanow"
[1] "600172"
[1] "Abd"
Error reading file for year 1852 :  no lines available in input 
File not found for year 2078 
File not found for year 2079 
File not found for year 2080 
File not found for year 2081 
File not found for year 2082 
File not found for year 2083 
File not found for year 2084 
File not found for year 2085 
File not found for year 2086 
File not found for year 2087 
File not found for year 2088 
File not found for year 2089 
File not found for year 2090 
File not found for year 2091 
File not found for year 2092 
File not found for year 2093 
File not found for year 2094 
File not found for year 2095 
File not found for year 2096 
File not found for year 2097 
File not found for year 2098 
File not found for year 2099 
File not found for year 2100 
[1] "c6gfdl26f1mpanow"
[1] "600175"
[1] "Abd"
Error reading file for year 1852 :  no lines available in input 
File not found for year 2078 
File not found for year 2079 
File not found for year 2080 
File not found for year 2081 
File not found for year 2082 
File not found for year 2083 
File not found for year 2084 
File not found for year 2085 
File not found for year 2086 
File not found for year 2087 
File not found for year 2088 
File not found for year 2089 
File not found for year 2090 
File not found for year 2091 
File not found for year 2092 
File not found for year 2093 
File not found for year 2094 
File not found for year 2095 
File not found for year 2096 
File not found for year 2097 
File not found for year 2098 
File not found for year 2099 
File not found for year 2100 
[1] "c6gfdl26f1mpanow"
[1] "600181"
[1] "Abd"
Error reading file for year 1852 :  no lines available in input 
File not found for year 2078 
File not found for year 2079 
File not found for year 2080 
File not found for year 2081 
File not found for year 2082 
File not found for year 2083 
File not found for year 2084 
File not found for year 2085 
File not found for year 2086 
File not found for year 2087 
File not found for year 2088 
File not found for year 2089 
File not found for year 2090 
File not found for year 2091 
File not found for year 2092 
File not found for year 2093 
File not found for year 2094 
File not found for year 2095 
File not found for year 2096 
File not found for year 2097 
File not found for year 2098 
File not found for year 2099 
File not found for year 2100 
[1] "c6gfdl26f1mpanow"
[1] "600188"
[1] "Abd"
Error reading file for year 1852 :  no lines available in input 
File not found for year 2078 
File not found for year 2079 
File not found for year 2080 
File not found for year 2081 
File not found for year 2082 
File not found for year 2083 
File not found for year 2084 
File not found for year 2085 
File not found for year 2086 
File not found for year 2087 
File not found for year 2088 
File not found for year 2089 
File not found for year 2090 
File not found for year 2091 
File not found for year 2092 
File not found for year 2093 
File not found for year 2094 
File not found for year 2095 
File not found for year 2096 
File not found for year 2097 
File not found for year 2098 
File not found for year 2099 
File not found for year 2100 
[1] "c6gfdl26f1mpanow"
[1] "600203"
[1] "Abd"
Error reading file for year 1852 :  no lines available in input 
File not found for year 2078 
File not found for year 2079 
File not found for year 2080 
File not found for year 2081 
File not found for year 2082 
File not found for year 2083 
File not found for year 2084 
File not found for year 2085 
File not found for year 2086 
File not found for year 2087 
File not found for year 2088 
File not found for year 2089 
File not found for year 2090 
File not found for year 2091 
File not found for year 2092 
File not found for year 2093 
File not found for year 2094 
File not found for year 2095 
File not found for year 2096 
File not found for year 2097 
File not found for year 2098 
File not found for year 2099 
File not found for year 2100 
[1] "c6gfdl26f1mpanow"
[1] "600204"
[1] "Abd"
Error reading file for year 1852 :  no lines available in input 
File not found for year 2078 
File not found for year 2079 
File not found for year 2080 
File not found for year 2081 
File not found for year 2082 
File not found for year 2083 
File not found for year 2084 
File not found for year 2085 
File not found for year 2086 
File not found for year 2087 
File not found for year 2088 
File not found for year 2089 
File not found for year 2090 
File not found for year 2091 
File not found for year 2092 
File not found for year 2093 
File not found for year 2094 
File not found for year 2095 
File not found for year 2096 
File not found for year 2097 
File not found for year 2098 
File not found for year 2099 
File not found for year 2100 
[1] "c6gfdl26f1mpanow"
[1] "600213"
[1] "Abd"
Error reading file for year 1852 :  no lines available in input 
File not found for year 2078 
File not found for year 2079 
File not found for year 2080 
File not found for year 2081 
File not found for year 2082 
File not found for year 2083 
File not found for year 2084 
File not found for year 2085 
File not found for year 2086 
File not found for year 2087 
File not found for year 2088 
File not found for year 2089 
File not found for year 2090 
File not found for year 2091 
File not found for year 2092 
File not found for year 2093 
File not found for year 2094 
File not found for year 2095 
File not found for year 2096 
File not found for year 2097 
File not found for year 2098 
File not found for year 2099 
File not found for year 2100 
[1] "c6gfdl26f1mpanow"
[1] "600216"
[1] "Abd"
Error reading file for year 1852 :  no lines available in input 
File not found for year 2078 
File not found for year 2079 
File not found for year 2080 
File not found for year 2081 
File not found for year 2082 
File not found for year 2083 
File not found for year 2084 
File not found for year 2085 
File not found for year 2086 
File not found for year 2087 
File not found for year 2088 
File not found for year 2089 
File not found for year 2090 
File not found for year 2091 
File not found for year 2092 
File not found for year 2093 
File not found for year 2094 
File not found for year 2095 
File not found for year 2096 
File not found for year 2097 
File not found for year 2098 
File not found for year 2099 
File not found for year 2100 
[1] "c6gfdl26f1mpanow"
[1] "600217"
[1] "Abd"
Error reading file for year 1852 :  no lines available in input 
File not found for year 2078 
File not found for year 2079 
File not found for year 2080 
File not found for year 2081 
File not found for year 2082 
File not found for year 2083 
File not found for year 2084 
File not found for year 2085 
File not found for year 2086 
File not found for year 2087 
File not found for year 2088 
File not found for year 2089 
File not found for year 2090 
File not found for year 2091 
File not found for year 2092 
File not found for year 2093 
File not found for year 2094 
File not found for year 2095 
File not found for year 2096 
File not found for year 2097 
File not found for year 2098 
File not found for year 2099 
File not found for year 2100 
[1] "c6gfdl26f1mpanow"
[1] "600219"
[1] "Abd"
Error reading file for year 1852 :  no lines available in input 
File not found for year 2078 
File not found for year 2079 
File not found for year 2080 
File not found for year 2081 
File not found for year 2082 
File not found for year 2083 
File not found for year 2084 
File not found for year 2085 
File not found for year 2086 
File not found for year 2087 
File not found for year 2088 
File not found for year 2089 
File not found for year 2090 
File not found for year 2091 
File not found for year 2092 
File not found for year 2093 
File not found for year 2094 
File not found for year 2095 
File not found for year 2096 
File not found for year 2097 
File not found for year 2098 
File not found for year 2099 
File not found for year 2100 
[1] "c6gfdl26f1mpanow"
[1] "600220"
[1] "Abd"
Error reading file for year 1852 :  no lines available in input 
File not found for year 2078 
File not found for year 2079 
File not found for year 2080 
File not found for year 2081 
File not found for year 2082 
File not found for year 2083 
File not found for year 2084 
File not found for year 2085 
File not found for year 2086 
File not found for year 2087 
File not found for year 2088 
File not found for year 2089 
File not found for year 2090 
File not found for year 2091 
File not found for year 2092 
File not found for year 2093 
File not found for year 2094 
File not found for year 2095 
File not found for year 2096 
File not found for year 2097 
File not found for year 2098 
File not found for year 2099 
File not found for year 2100 
[1] "c6gfdl26f1mpanow"
[1] "600223"
[1] "Abd"
Error reading file for year 1852 :  no lines available in input 
File not found for year 2078 
File not found for year 2079 
File not found for year 2080 
File not found for year 2081 
File not found for year 2082 
File not found for year 2083 
File not found for year 2084 
File not found for year 2085 
File not found for year 2086 
File not found for year 2087 
File not found for year 2088 
File not found for year 2089 
File not found for year 2090 
File not found for year 2091 
File not found for year 2092 
File not found for year 2093 
File not found for year 2094 
File not found for year 2095 
File not found for year 2096 
File not found for year 2097 
File not found for year 2098 
File not found for year 2099 
File not found for year 2100 
[1] "c6gfdl26f1mpanow"
[1] "600226"
[1] "Abd"
Error reading file for year 1852 :  no lines available in input 
File not found for year 2078 
File not found for year 2079 
File not found for year 2080 
File not found for year 2081 
File not found for year 2082 
File not found for year 2083 
File not found for year 2084 
File not found for year 2085 
File not found for year 2086 
File not found for year 2087 
File not found for year 2088 
File not found for year 2089 
File not found for year 2090 
File not found for year 2091 
File not found for year 2092 
File not found for year 2093 
File not found for year 2094 
File not found for year 2095 
File not found for year 2096 
File not found for year 2097 
File not found for year 2098 
File not found for year 2099 
File not found for year 2100 
[1] "c6gfdl26f1mpanow"
[1] "600227"
[1] "Abd"
Error reading file for year 1852 :  no lines available in input 
File not found for year 2078 
File not found for year 2079 
File not found for year 2080 
File not found for year 2081 
File not found for year 2082 
File not found for year 2083 
File not found for year 2084 
File not found for year 2085 
File not found for year 2086 
File not found for year 2087 
File not found for year 2088 
File not found for year 2089 
File not found for year 2090 
File not found for year 2091 
File not found for year 2092 
File not found for year 2093 
File not found for year 2094 
File not found for year 2095 
File not found for year 2096 
File not found for year 2097 
File not found for year 2098 
File not found for year 2099 
File not found for year 2100 
[1] "c6gfdl26f1mpanow"
[1] "600228"
[1] "Abd"
Error reading file for year 1852 :  no lines available in input 
File not found for year 2078 
File not found for year 2079 
File not found for year 2080 
File not found for year 2081 
File not found for year 2082 
File not found for year 2083 
File not found for year 2084 
File not found for year 2085 
File not found for year 2086 
File not found for year 2087 
File not found for year 2088 
File not found for year 2089 
File not found for year 2090 
File not found for year 2091 
File not found for year 2092 
File not found for year 2093 
File not found for year 2094 
File not found for year 2095 
File not found for year 2096 
File not found for year 2097 
File not found for year 2098 
File not found for year 2099 
File not found for year 2100 
[1] "c6gfdl26f1mpanow"
[1] "600229"
[1] "Abd"
Error reading file for year 1852 :  no lines available in input 
File not found for year 2078 
File not found for year 2079 
File not found for year 2080 
File not found for year 2081 
File not found for year 2082 
File not found for year 2083 
File not found for year 2084 
File not found for year 2085 
File not found for year 2086 
File not found for year 2087 
File not found for year 2088 
File not found for year 2089 
File not found for year 2090 
File not found for year 2091 
File not found for year 2092 
File not found for year 2093 
File not found for year 2094 
File not found for year 2095 
File not found for year 2096 
File not found for year 2097 
File not found for year 2098 
File not found for year 2099 
File not found for year 2100 
[1] "c6gfdl26f1mpanow"
[1] "600230"
[1] "Abd"
Error reading file for year 1852 :  no lines available in input 
File not found for year 2078 
File not found for year 2079 
File not found for year 2080 
File not found for year 2081 
File not found for year 2082 
File not found for year 2083 
File not found for year 2084 
File not found for year 2085 
File not found for year 2086 
File not found for year 2087 
File not found for year 2088 
File not found for year 2089 
File not found for year 2090 
File not found for year 2091 
File not found for year 2092 
File not found for year 2093 
File not found for year 2094 
File not found for year 2095 
File not found for year 2096 
File not found for year 2097 
File not found for year 2098 
File not found for year 2099 
File not found for year 2100 
[1] "c6gfdl26f1mpanow"
[1] "600231"
[1] "Abd"
Error reading file for year 1852 :  no lines available in input 
File not found for year 2078 
File not found for year 2079 
File not found for year 2080 
File not found for year 2081 
File not found for year 2082 
File not found for year 2083 
File not found for year 2084 
File not found for year 2085 
File not found for year 2086 
File not found for year 2087 
File not found for year 2088 
File not found for year 2089 
File not found for year 2090 
File not found for year 2091 
File not found for year 2092 
File not found for year 2093 
File not found for year 2094 
File not found for year 2095 
File not found for year 2096 
File not found for year 2097 
File not found for year 2098 
File not found for year 2099 
File not found for year 2100 
[1] "c6gfdl26f1mpanow"
[1] "600232"
[1] "Abd"
Error reading file for year 1852 :  no lines available in input 
File not found for year 2078 
File not found for year 2079 
File not found for year 2080 
File not found for year 2081 
File not found for year 2082 
File not found for year 2083 
File not found for year 2084 
File not found for year 2085 
File not found for year 2086 
File not found for year 2087 
File not found for year 2088 
File not found for year 2089 
File not found for year 2090 
File not found for year 2091 
File not found for year 2092 
File not found for year 2093 
File not found for year 2094 
File not found for year 2095 
File not found for year 2096 
File not found for year 2097 
File not found for year 2098 
File not found for year 2099 
File not found for year 2100 
[1] "c6gfdl26f1mpanow"
[1] "600233"
[1] "Abd"
Error reading file for year 1852 :  no lines available in input 
File not found for year 2078 
File not found for year 2079 
File not found for year 2080 
File not found for year 2081 
File not found for year 2082 
File not found for year 2083 
File not found for year 2084 
File not found for year 2085 
File not found for year 2086 
File not found for year 2087 
File not found for year 2088 
File not found for year 2089 
File not found for year 2090 
File not found for year 2091 
File not found for year 2092 
File not found for year 2093 
File not found for year 2094 
File not found for year 2095 
File not found for year 2096 
File not found for year 2097 
File not found for year 2098 
File not found for year 2099 
File not found for year 2100 
[1] "c6gfdl26f1mpanow"
[1] "600236"
[1] "Abd"
Error reading file for year 1852 :  no lines available in input 
File not found for year 2078 
File not found for year 2079 
File not found for year 2080 
File not found for year 2081 
File not found for year 2082 
File not found for year 2083 
File not found for year 2084 
File not found for year 2085 
File not found for year 2086 
File not found for year 2087 
File not found for year 2088 
File not found for year 2089 
File not found for year 2090 
File not found for year 2091 
File not found for year 2092 
File not found for year 2093 
File not found for year 2094 
File not found for year 2095 
File not found for year 2096 
File not found for year 2097 
File not found for year 2098 
File not found for year 2099 
File not found for year 2100 
[1] "c6gfdl26f1mpanow"
[1] "600238"
[1] "Abd"
Error reading file for year 1852 :  no lines available in input 
[1] "c6gfdl26f1mpanow"
[1] "600239"
[1] "Abd"
Error reading file for year 1852 :  no lines available in input 
[1] "c6gfdl26f1mpanow"
[1] "600240"
[1] "Abd"
Error reading file for year 1852 :  no lines available in input 
[1] "c6gfdl26f1mpanow"
[1] "600241"
[1] "Abd"
Error reading file for year 1852 :  no lines available in input 
[1] "c6gfdl26f1mpanow"
[1] "600242"
[1] "Abd"
Error reading file for year 1852 :  no lines available in input 
[1] "c6gfdl26f1mpanow"
[1] "600243"
[1] "Abd"
Error reading file for year 1852 :  no lines available in input 
[1] "c6gfdl26f1mpanow"
[1] "600244"
[1] "Abd"
[1] "c6gfdl26f1mpanow"
[1] "600245"
[1] "Abd"
Error reading file for year 1852 :  no lines available in input 
[1] "c6gfdl26f1mpanow"
[1] "600247"
[1] "Abd"
Error reading file for year 1852 :  no lines available in input 
[1] "c6gfdl26f1mpanow"
[1] "600249"
[1] "Abd"
Error reading file for year 1852 :  no lines available in input 
[1] "c6gfdl26f1mpanow"
[1] "600250"
[1] "Abd"
Error reading file for year 1852 :  no lines available in input 
[1] "c6gfdl26f1mpanow"
[1] "600252"
[1] "Abd"
Error reading file for year 1852 :  no lines available in input 
[1] "c6gfdl26f1mpanow"
[1] "600253"
[1] "Abd"
Error reading file for year 1852 :  no lines available in input 
[1] "c6gfdl26f1mpanow"
[1] "600255"
[1] "Abd"
Error reading file for year 1852 :  no lines available in input 
[1] "c6gfdl26f1mpanow"
[1] "600256"
[1] "Abd"
Error reading file for year 1852 :  no lines available in input 
[1] "c6gfdl26f1mpanow"
[1] "600259"
[1] "Abd"
Error reading file for year 1852 :  no lines available in input 
[1] "c6gfdl26f1mpanow"
[1] "600260"
[1] "Abd"
Error reading file for year 1852 :  no lines available in input 
[1] "c6gfdl26f1mpanow"
[1] "600264"
[1] "Abd"
Error reading file for year 1852 :  no lines available in input 
[1] "c6gfdl26f1mpanow"
[1] "600265"
[1] "Abd"
Error reading file for year 1852 :  no lines available in input 
[1] "c6gfdl26f1mpanow"
[1] "600288"
[1] "Abd"
Error reading file for year 1852 :  no lines available in input 
[1] "c6gfdl26f1mpanow"
[1] "600299"
[1] "Abd"
Error reading file for year 1852 :  no lines available in input 
[1] "c6gfdl26f1mpanow"
[1] "600300"
[1] "Abd"
Error reading file for year 1852 :  no lines available in input 
[1] "c6gfdl26f1mpanow"
[1] "600301"
[1] "Abd"
Error reading file for year 1852 :  no lines available in input 
[1] "c6gfdl26f1mpanow"
[1] "600302"
[1] "Abd"
[1] "c6gfdl26f1mpanow"
[1] "600303"
[1] "Abd"
Error reading file for year 1852 :  no lines available in input 
[1] "c6gfdl26f1mpanow"
[1] "600305"
[1] "Abd"
Error reading file for year 1852 :  no lines available in input 
[1] "c6gfdl26f1mpanow"
[1] "600306"
[1] "Abd"
Error reading file for year 1852 :  no lines available in input 
[1] "c6gfdl26f1mpanow"
[1] "600308"
[1] "Abd"
Error reading file for year 1852 :  no lines available in input 
[1] "c6gfdl26f1mpanow"
[1] "600309"
[1] "Abd"
Error reading file for year 1852 :  no lines available in input 
[1] "c6gfdl26f1mpanow"
[1] "600311"
[1] "Abd"
Error reading file for year 1852 :  no lines available in input 
[1] "c6gfdl26f1mpanow"
[1] "600312"
[1] "Abd"
[1] "c6gfdl26f1mpanow"
[1] "600313"
[1] "Abd"
Error reading file for year 1852 :  no lines available in input 
[1] "c6gfdl26f1mpanow"
[1] "600314"
[1] "Abd"
Error reading file for year 1852 :  no lines available in input 
[1] "c6gfdl26f1mpanow"
[1] "600315"
[1] "Abd"
Error reading file for year 1852 :  no lines available in input 
[1] "c6gfdl26f1mpanow"
[1] "600316"
[1] "Abd"
[1] "c6gfdl26f1mpanow"
[1] "600318"
[1] "Abd"
[1] "c6gfdl26f1mpanow"
[1] "600319"
[1] "Abd"
Error reading file for year 1852 :  no lines available in input 
[1] "c6gfdl26f1mpanow"
[1] "600320"
[1] "Abd"
[1] "c6gfdl26f1mpanow"
[1] "600321"
[1] "Abd"
[1] "c6gfdl26f1mpanow"
[1] "600322"
[1] "Abd"
Error reading file for year 1852 :  no lines available in input 
[1] "c6gfdl26f1mpanow"
[1] "600323"
[1] "Abd"
[1] "c6gfdl26f1mpanow"
[1] "600324"
[1] "Abd"
[1] "c6gfdl26f1mpanow"
[1] "600325"
[1] "Abd"
[1] "c6gfdl26f1mpanow"
[1] "600326"
[1] "Abd"
[1] "c6gfdl26f1mpanow"
[1] "600327"
[1] "Abd"
Error reading file for year 1852 :  no lines available in input 
[1] "c6gfdl26f1mpanow"
[1] "600329"
[1] "Abd"
[1] "c6gfdl26f1mpanow"
[1] "600331"
[1] "Abd"
Error reading file for year 1852 :  no lines available in input 
[1] "c6gfdl26f1mpanow"
[1] "600332"
[1] "Abd"
[1] "c6gfdl26f1mpanow"
[1] "600333"
[1] "Abd"
Error reading file for year 1852 :  no lines available in input 
[1] "c6gfdl26f1mpanow"
[1] "600334"
[1] "Abd"
[1] "c6gfdl26f1mpanow"
[1] "600336"
[1] "Abd"
Error reading file for year 1852 :  no lines available in input 
[1] "c6gfdl26f1mpanow"
[1] "600338"
[1] "Abd"
Error reading file for year 1852 :  no lines available in input 
[1] "c6gfdl26f1mpanow"
[1] "600339"
[1] "Abd"
Error reading file for year 1852 :  no lines available in input 
[1] "c6gfdl26f1mpanow"
[1] "600340"
[1] "Abd"
Error reading file for year 1852 :  no lines available in input 
[1] "c6gfdl26f1mpanow"
[1] "600341"
[1] "Abd"
Error reading file for year 1852 :  no lines available in input 
[1] "c6gfdl26f1mpanow"
[1] "600342"
[1] "Abd"
Error reading file for year 1852 :  no lines available in input 
[1] "c6gfdl26f1mpanow"
[1] "600345"
[1] "Abd"
Error reading file for year 1852 :  no lines available in input 
[1] "c6gfdl26f1mpanow"
[1] "600346"
[1] "Abd"
[1] "c6gfdl26f1mpanow"
[1] "600348"
[1] "Abd"
[1] "c6gfdl26f1mpanow"
[1] "600349"
[1] "Abd"
Error reading file for year 1852 :  no lines available in input 
[1] "c6gfdl26f1mpanow"
[1] "600350"
[1] "Abd"
Error reading file for year 1852 :  no lines available in input 
[1] "c6gfdl26f1mpanow"
[1] "600351"
[1] "Abd"
Error reading file for year 1852 :  no lines available in input 
[1] "c6gfdl26f1mpanow"
[1] "600352"
[1] "Abd"
Error reading file for year 1852 :  no lines available in input 
[1] "c6gfdl26f1mpanow"
[1] "600353"
[1] "Abd"
Error reading file for year 1852 :  no lines available in input 
[1] "c6gfdl26f1mpanow"
[1] "600355"
[1] "Abd"
Error reading file for year 1852 :  no lines available in input 
[1] "c6gfdl26f1mpanow"
[1] "600356"
[1] "Abd"
Error reading file for year 1852 :  no lines available in input 
[1] "c6gfdl26f1mpanow"
[1] "600357"
[1] "Abd"
Error reading file for year 1852 :  no lines available in input 
[1] "c6gfdl26f1mpanow"
[1] "600361"
[1] "Abd"
Error reading file for year 1852 :  no lines available in input 
[1] "c6gfdl26f1mpanow"
[1] "600362"
[1] "Abd"
Error reading file for year 1852 :  no lines available in input 
[1] "c6gfdl26f1mpanow"
[1] "600363"
[1] "Abd"
Error reading file for year 1852 :  no lines available in input 
[1] "c6gfdl26f1mpanow"
[1] "600364"
[1] "Abd"
Error reading file for year 1852 :  no lines available in input 
[1] "c6gfdl26f1mpanow"
[1] "600366"
[1] "Abd"
Error reading file for year 1852 :  no lines available in input 
[1] "c6gfdl26f1mpanow"
[1] "600367"
[1] "Abd"
[1] "c6gfdl26f1mpanow"
[1] "600368"
[1] "Abd"
Error reading file for year 1852 :  no lines available in input 
[1] "c6gfdl26f1mpanow"
[1] "600369"
[1] "Abd"
Error reading file for year 1852 :  no lines available in input 
[1] "c6gfdl26f1mpanow"
[1] "600371"
[1] "Abd"
[1] "c6gfdl26f1mpanow"
[1] "600372"
[1] "Abd"
Error reading file for year 1852 :  no lines available in input 
[1] "c6gfdl26f1mpanow"
[1] "600374"
[1] "Abd"
Error reading file for year 1852 :  no lines available in input 
[1] "c6gfdl26f1mpanow"
[1] "600378"
[1] "Abd"
Error reading file for year 1852 :  no lines available in input 
[1] "c6gfdl26f1mpanow"
[1] "600379"
[1] "Abd"
Error reading file for year 1852 :  no lines available in input 
[1] "c6gfdl26f1mpanow"
[1] "600380"
[1] "Abd"
[1] "c6gfdl26f1mpanow"
[1] "600382"
[1] "Abd"
Error reading file for year 1852 :  no lines available in input 
[1] "c6gfdl26f1mpanow"
[1] "600384"
[1] "Abd"
Error reading file for year 1852 :  no lines available in input 
[1] "c6gfdl26f1mpanow"
[1] "600385"
[1] "Abd"
Error reading file for year 1852 :  no lines available in input 
[1] "c6gfdl26f1mpanow"
[1] "600386"
[1] "Abd"
Error reading file for year 1852 :  no lines available in input 
[1] "c6gfdl26f1mpanow"
[1] "600387"
[1] "Abd"
Error reading file for year 1852 :  no lines available in input 
[1] "c6gfdl26f1mpanow"
[1] "600388"
[1] "Abd"
Error reading file for year 1852 :  no lines available in input 
[1] "c6gfdl26f1mpanow"
[1] "600390"
[1] "Abd"
Error reading file for year 1852 :  no lines available in input 
[1] "c6gfdl26f1mpanow"
[1] "600391"
[1] "Abd"
Error reading file for year 1852 :  no lines available in input 
[1] "c6gfdl26f1mpanow"
[1] "600392"
[1] "Abd"
Error reading file for year 1852 :  no lines available in input 
[1] "c6gfdl26f1mpanow"
[1] "600394"
[1] "Abd"
Error reading file for year 1852 :  no lines available in input 
[1] "c6gfdl26f1mpanow"
[1] "600395"
[1] "Abd"
Error reading file for year 1852 :  no lines available in input 
[1] "c6gfdl26f1mpanow"
[1] "600396"
[1] "Abd"
Error reading file for year 1852 :  no lines available in input 
[1] "c6gfdl26f1mpanow"
[1] "600397"
[1] "Abd"
Error reading file for year 1852 :  no lines available in input 
[1] "c6gfdl26f1mpanow"
[1] "600398"
[1] "Abd"
Error reading file for year 1852 :  no lines available in input 
[1] "c6gfdl26f1mpanow"
[1] "600399"
[1] "Abd"
Error reading file for year 1852 :  no lines available in input 
[1] "c6gfdl26f1mpanow"
[1] "600400"
[1] "Abd"
Error reading file for year 1852 :  no lines available in input 
[1] "c6gfdl26f1mpanow"
[1] "600401"
[1] "Abd"
Error reading file for year 1852 :  no lines available in input 
[1] "c6gfdl26f1mpanow"
[1] "600403"
[1] "Abd"
Error reading file for year 1852 :  no lines available in input 
[1] "c6gfdl26f1mpanow"
[1] "600405"
[1] "Abd"
Error reading file for year 1852 :  no lines available in input 
[1] "c6gfdl26f1mpanow"
[1] "600406"
[1] "Abd"
Error reading file for year 1852 :  no lines available in input 
[1] "c6gfdl26f1mpanow"
[1] "600407"
[1] "Abd"
Error reading file for year 1852 :  no lines available in input 
[1] "c6gfdl26f1mpanow"
[1] "600408"
[1] "Abd"
Error reading file for year 1852 :  no lines available in input 
[1] "c6gfdl26f1mpanow"
[1] "600410"
[1] "Abd"
Error reading file for year 1852 :  no lines available in input 
[1] "c6gfdl26f1mpanow"
[1] "600411"
[1] "Abd"
Error reading file for year 1852 :  no lines available in input 
[1] "c6gfdl26f1mpanow"
[1] "600412"
[1] "Abd"
Error reading file for year 1852 :  no lines available in input 
[1] "c6gfdl26f1mpanow"
[1] "600413"
[1] "Abd"
Error reading file for year 1852 :  no lines available in input 
[1] "c6gfdl26f1mpanow"
[1] "600416"
[1] "Abd"
Error reading file for year 1852 :  no lines available in input 
[1] "c6gfdl26f1mpanow"
[1] "600417"
[1] "Abd"
Error reading file for year 1852 :  no lines available in input 
[1] "c6gfdl26f1mpanow"
[1] "600418"
[1] "Abd"
Error reading file for year 1852 :  no lines available in input 
[1] "c6gfdl26f1mpanow"
[1] "600419"
[1] "Abd"
Error reading file for year 1852 :  no lines available in input 
[1] "c6gfdl26f1mpanow"
[1] "600420"
[1] "Abd"
Error reading file for year 1852 :  no lines available in input 
[1] "c6gfdl26f1mpanow"
[1] "600422"
[1] "Abd"
Error reading file for year 1852 :  no lines available in input 
[1] "c6gfdl26f1mpanow"
[1] "600423"
[1] "Abd"
Error reading file for year 1852 :  no lines available in input 
[1] "c6gfdl26f1mpanow"
[1] "600424"
[1] "Abd"
[1] "c6gfdl26f1mpanow"
[1] "600425"
[1] "Abd"
Error reading file for year 1852 :  no lines available in input 
[1] "c6gfdl26f1mpanow"
[1] "600426"
[1] "Abd"
Error reading file for year 1852 :  no lines available in input 
[1] "c6gfdl26f1mpanow"
[1] "600427"
[1] "Abd"
Error reading file for year 1852 :  no lines available in input 
[1] "c6gfdl26f1mpanow"
[1] "600428"
[1] "Abd"
[1] "c6gfdl26f1mpanow"
[1] "600429"
[1] "Abd"
Error reading file for year 1852 :  no lines available in input 
[1] "c6gfdl26f1mpanow"
[1] "600432"
[1] "Abd"
Error reading file for year 1852 :  no lines available in input 
[1] "c6gfdl26f1mpanow"
[1] "600433"
[1] "Abd"
Error reading file for year 1852 :  no lines available in input 
[1] "c6gfdl26f1mpanow"
[1] "600434"
[1] "Abd"
Error reading file for year 1852 :  no lines available in input 
[1] "c6gfdl26f1mpanow"
[1] "600436"
[1] "Abd"
Error reading file for year 1852 :  no lines available in input 
[1] "c6gfdl26f1mpanow"
[1] "600438"
[1] "Abd"
Error reading file for year 1852 :  no lines available in input 
[1] "c6gfdl26f1mpanow"
[1] "600439"
[1] "Abd"
Error reading file for year 1852 :  no lines available in input 
[1] "c6gfdl26f1mpanow"
[1] "600440"
[1] "Abd"
Error reading file for year 1852 :  no lines available in input 
[1] "c6gfdl26f1mpanow"
[1] "600441"
[1] "Abd"
Error reading file for year 1852 :  no lines available in input 
[1] "c6gfdl26f1mpanow"
[1] "600442"
[1] "Abd"
Error reading file for year 1852 :  no lines available in input 
[1] "c6gfdl26f1mpanow"
[1] "600443"
[1] "Abd"
[1] "c6gfdl26f1mpanow"
[1] "600444"
[1] "Abd"
Error reading file for year 1852 :  no lines available in input 
[1] "c6gfdl26f1mpanow"
[1] "600447"
[1] "Abd"
[1] "c6gfdl26f1mpanow"
[1] "600448"
[1] "Abd"
Error reading file for year 1852 :  no lines available in input 
[1] "c6gfdl26f1mpanow"
[1] "600449"
[1] "Abd"
[1] "c6gfdl26f1mpanow"
[1] "600450"
[1] "Abd"
[1] "c6gfdl26f1mpanow"
[1] "600452"
[1] "Abd"
Error reading file for year 1852 :  no lines available in input 
slurmstepd: error: *** JOB 36563887 ON cdr1195 CANCELLED AT 2024-07-11T09:54:59 DUE TO TIME LIMIT ***
