Current working directory: /home/jepa/projects/def-wailung/jepa/mpa_cc_toe/scripts/run_dbem
Starting run at: Tue 09 Jul 2024 03:51:53 PM PDT
here() starts at /project/6006523/jepa/mpa_cc_toe
── Attaching core tidyverse packages ──────────────────────── tidyverse 2.0.0 ──
✔ dplyr     1.1.4     ✔ readr     2.1.5
✔ forcats   1.0.0     ✔ stringr   1.5.1
✔ ggplot2   3.5.1     ✔ tibble    3.2.1
✔ lubridate 1.9.3     ✔ tidyr     1.3.1
✔ purrr     1.0.2     
── Conflicts ────────────────────────────────────────── tidyverse_conflicts() ──
✖ dplyr::filter() masks stats::filter()
✖ dplyr::lag()    masks stats::lag()
ℹ Use the conflicted package (<http://conflicted.r-lib.org/>) to force all conflicts to become errors
[1] "c6gfdl26f1mpanow"
[1] "600004"
[1] "Abd"
[1] "c6gfdl26f1mpanow"
[1] "600005"
[1] "Abd"
[1] "c6gfdl26f1mpanow"
[1] "600006"
[1] "Abd"
Error reading file for year 1852 :  no lines available in input 
[1] "c6gfdl26f1mpanow"
[1] "600015"
[1] "Abd"
[1] "c6gfdl26f1mpanow"
[1] "600017"
[1] "Abd"
Error reading file for year 1852 :  no lines available in input 
[1] "c6gfdl26f1mpanow"
[1] "600018"
[1] "Abd"
Error reading file for year 1852 :  no lines available in input 
[1] "c6gfdl26f1mpanow"
[1] "600020"
[1] "Abd"
Error reading file for year 1852 :  no lines available in input 
[1] "c6gfdl26f1mpanow"
[1] "600024"
[1] "Abd"
Error reading file for year 1852 :  no lines available in input 
[1] "c6gfdl26f1mpanow"
[1] "600026"
[1] "Abd"
Error reading file for year 1852 :  no lines available in input 
[1] "c6gfdl26f1mpanow"
[1] "600027"
[1] "Abd"
Error reading file for year 1852 :  no lines available in input 
slurmstepd: error: *** JOB 36444522 ON cdr575 CANCELLED AT 2024-07-09T16:11:54 DUE TO TIME LIMIT ***
